<?xml version="1.0" encoding="UTF-8"?>
<!-- Generated by org.testng.reporters.JUnitXMLReporter -->
<testsuite hostname="Tomato" ignored="0" name="Smoke Testcases" tests="1" failures="1" timestamp="11 Jun 2018 19:41:06 GMT" time="0.049" errors="0">
  <testcase name="LoginApp" time="0.014" classname="pageobjecttestcases.SampleTest">
    <failure type="java.io.FileNotFoundException" message="C:\Apps\DebitCards\src\main\java\Banking\global.properties (The system cannot find the path specified)">
      <![CDATA[java.io.FileNotFoundException: C:\Apps\DebitCards\src\main\java\Banking\global.properties (The system cannot find the path specified)
at java.io.FileInputStream.open0(Native Method)
at java.io.FileInputStream.open(Unknown Source)
at java.io.FileInputStream.<init>(Unknown Source)
at java.io.FileInputStream.<init>(Unknown Source)
at Banking.testBase.setup(testBase.java:25)
at pageobjecttestcases.SampleTest.LoginApp(SampleTest.java:30)
... Removed 25 stack frames]]>
    </failure>
  </testcase> <!-- LoginApp -->
</testsuite> <!-- Smoke Testcases -->
